0 info it worked if it ends with ok
1 verbose cli [ 'node', '/usr/local/bin/npm', 'install' ]
2 info using npm@2.12.0
3 info using node@v0.12.2
4 verbose readDependencies loading dependencies from /Users/alexandrafitzgerald/angular-canteenandco-project/package.json
5 verbose install where, deps [ '/Users/alexandrafitzgerald/angular-canteenandco-project',
5 verbose install   [ 'angular-vidbg',
5 verbose install     'body-parser',
5 verbose install     'bower',
5 verbose install     'composable-middleware',
5 verbose install     'compression',
5 verbose install     'connect-mongo',
5 verbose install     'cookie-parser',
5 verbose install     'dotenv',
5 verbose install     'ejs',
5 verbose install     'errorhandler',
5 verbose install     'express',
5 verbose install     'express-session',
5 verbose install     'grunt-cli',
5 verbose install     'gzippo',
5 verbose install     'lodash',
5 verbose install     'method-override',
5 verbose install     'morgan',
5 verbose install     'sendgrid',
5 verbose install     'serve-favicon',
5 verbose install     'stormpath-sdk-express',
5 verbose install     'connect-livereload',
5 verbose install     'grunt',
5 verbose install     'grunt-angular-templates',
5 verbose install     'grunt-asset-injector',
5 verbose install     'grunt-autoprefixer',
5 verbose install     'grunt-bower-install',
5 verbose install     'grunt-build-control',
5 verbose install     'grunt-concurrent',
5 verbose install     'grunt-contrib-clean',
5 verbose install     'grunt-contrib-concat',
5 verbose install     'grunt-contrib-copy',
5 verbose install     'grunt-contrib-cssmin',
5 verbose install     'grunt-contrib-htmlmin',
5 verbose install     'grunt-contrib-imagemin',
5 verbose install     'grunt-contrib-jshint',
5 verbose install     'grunt-contrib-sass',
5 verbose install     'grunt-contrib-uglify',
5 verbose install     'grunt-contrib-watch',
5 verbose install     'grunt-dom-munger',
5 verbose install     'grunt-env',
5 verbose install     'grunt-express-server',
5 verbose install     'grunt-google-cdn',
5 verbose install     'grunt-karma',
5 verbose install     'grunt-mocha-test',
5 verbose install     'grunt-newer',
5 verbose install     'grunt-ng-annotate',
5 verbose install     'grunt-node-inspector',
5 verbose install     'grunt-nodemon',
5 verbose install     'grunt-open',
5 verbose install     'grunt-protractor-runner',
5 verbose install     'grunt-rev',
5 verbose install     'grunt-svgmin',
5 verbose install     'grunt-usemin',
5 verbose install     'grunt-wiredep',
5 verbose install     'jit-grunt',
5 verbose install     'jshint-stylish',
5 verbose install     'karma',
5 verbose install     'karma-chrome-launcher',
5 verbose install     'karma-coffee-preprocessor',
5 verbose install     'karma-firefox-launcher',
5 verbose install     'karma-html2js-preprocessor',
5 verbose install     'karma-jade-preprocessor',
5 verbose install     'karma-jasmine',
5 verbose install     'karma-ng-html2js-preprocessor',
5 verbose install     'karma-ng-jade2js-preprocessor',
5 verbose install     'karma-ng-scenario',
5 verbose install     'karma-phantomjs-launcher',
5 verbose install     'karma-requirejs',
5 verbose install     'karma-script-launcher',
5 verbose install     'open',
5 verbose install     'requirejs',
5 verbose install     'should',
5 verbose install     'supertest',
5 verbose install     'time-grunt' ] ]
6 verbose install where, peers [ '/Users/alexandrafitzgerald/angular-canteenandco-project',
6 verbose install   [] ]
7 verbose installManyTop reading for lifecycle /Users/alexandrafitzgerald/angular-canteenandco-project/package.json
8 info preinstall dashboard-app@0.0.0
9 verbose installManyTop reading scoped package data from /Users/alexandrafitzgerald/angular-canteenandco-project/node_modules/angular-vidbg/package.json
10 verbose installManyTop reading scoped package data from /Users/alexandrafitzgerald/angular-canteenandco-project/node_modules/body-parser/package.json
11 verbose installManyTop reading scoped package data from /Users/alexandrafitzgerald/angular-canteenandco-project/node_modules/bower/package.json
12 verbose installManyTop reading scoped package data from /Users/alexandrafitzgerald/angular-canteenandco-project/node_modules/composable-middleware/package.json
13 verbose installManyTop reading scoped package data from /Users/alexandrafitzgerald/angular-canteenandco-project/node_modules/compression/package.json
14 verbose installManyTop reading scoped package data from /Users/alexandrafitzgerald/angular-canteenandco-project/node_modules/connect-livereload/package.json
15 verbose installManyTop reading scoped package data from /Users/alexandrafitzgerald/angular-canteenandco-project/node_modules/connect-mongo/package.json
16 verbose installManyTop reading scoped package data from /Users/alexandrafitzgerald/angular-canteenandco-project/node_modules/cookie-parser/package.json
17 verbose installManyTop reading scoped package data from /Users/alexandrafitzgerald/angular-canteenandco-project/node_modules/dotenv/package.json
18 verbose installManyTop reading scoped package data from /Users/alexandrafitzgerald/angular-canteenandco-project/node_modules/ejs/package.json
19 verbose installManyTop reading scoped package data from /Users/alexandrafitzgerald/angular-canteenandco-project/node_modules/errorhandler/package.json
20 verbose installManyTop reading scoped package data from /Users/alexandrafitzgerald/angular-canteenandco-project/node_modules/express/package.json
21 verbose installManyTop reading scoped package data from /Users/alexandrafitzgerald/angular-canteenandco-project/node_modules/express-session/package.json
22 verbose installManyTop reading scoped package data from /Users/alexandrafitzgerald/angular-canteenandco-project/node_modules/grunt/package.json
23 verbose installManyTop reading scoped package data from /Users/alexandrafitzgerald/angular-canteenandco-project/node_modules/grunt-angular-templates/package.json
24 verbose installManyTop reading scoped package data from /Users/alexandrafitzgerald/angular-canteenandco-project/node_modules/grunt-asset-injector/package.json
25 verbose installManyTop reading scoped package data from /Users/alexandrafitzgerald/angular-canteenandco-project/node_modules/grunt-autoprefixer/package.json
26 verbose installManyTop reading scoped package data from /Users/alexandrafitzgerald/angular-canteenandco-project/node_modules/grunt-bower-install/package.json
27 verbose installManyTop reading scoped package data from /Users/alexandrafitzgerald/angular-canteenandco-project/node_modules/grunt-build-control/package.json
28 verbose installManyTop reading scoped package data from /Users/alexandrafitzgerald/angular-canteenandco-project/node_modules/grunt-cli/package.json
29 verbose installManyTop reading scoped package data from /Users/alexandrafitzgerald/angular-canteenandco-project/node_modules/grunt-concurrent/package.json
30 verbose installManyTop reading scoped package data from /Users/alexandrafitzgerald/angular-canteenandco-project/node_modules/grunt-contrib-clean/package.json
31 verbose installManyTop reading scoped package data from /Users/alexandrafitzgerald/angular-canteenandco-project/node_modules/grunt-contrib-concat/package.json
32 verbose installManyTop reading scoped package data from /Users/alexandrafitzgerald/angular-canteenandco-project/node_modules/grunt-contrib-copy/package.json
33 verbose installManyTop reading scoped package data from /Users/alexandrafitzgerald/angular-canteenandco-project/node_modules/grunt-contrib-cssmin/package.json
34 verbose installManyTop reading scoped package data from /Users/alexandrafitzgerald/angular-canteenandco-project/node_modules/grunt-contrib-htmlmin/package.json
35 verbose installManyTop reading scoped package data from /Users/alexandrafitzgerald/angular-canteenandco-project/node_modules/grunt-contrib-imagemin/package.json
36 verbose installManyTop reading scoped package data from /Users/alexandrafitzgerald/angular-canteenandco-project/node_modules/grunt-contrib-jshint/package.json
37 verbose installManyTop reading scoped package data from /Users/alexandrafitzgerald/angular-canteenandco-project/node_modules/grunt-contrib-sass/package.json
38 verbose installManyTop reading scoped package data from /Users/alexandrafitzgerald/angular-canteenandco-project/node_modules/grunt-contrib-uglify/package.json
39 verbose installManyTop reading scoped package data from /Users/alexandrafitzgerald/angular-canteenandco-project/node_modules/grunt-contrib-watch/package.json
40 verbose installManyTop reading scoped package data from /Users/alexandrafitzgerald/angular-canteenandco-project/node_modules/grunt-dom-munger/package.json
41 verbose installManyTop reading scoped package data from /Users/alexandrafitzgerald/angular-canteenandco-project/node_modules/grunt-env/package.json
42 verbose installManyTop reading scoped package data from /Users/alexandrafitzgerald/angular-canteenandco-project/node_modules/grunt-express-server/package.json
43 verbose installManyTop reading scoped package data from /Users/alexandrafitzgerald/angular-canteenandco-project/node_modules/grunt-google-cdn/package.json
44 verbose installManyTop reading scoped package data from /Users/alexandrafitzgerald/angular-canteenandco-project/node_modules/grunt-karma/package.json
45 verbose installManyTop reading scoped package data from /Users/alexandrafitzgerald/angular-canteenandco-project/node_modules/grunt-mocha-test/package.json
46 verbose installManyTop reading scoped package data from /Users/alexandrafitzgerald/angular-canteenandco-project/node_modules/grunt-newer/package.json
47 verbose installManyTop reading scoped package data from /Users/alexandrafitzgerald/angular-canteenandco-project/node_modules/grunt-ng-annotate/package.json
48 verbose installManyTop reading scoped package data from /Users/alexandrafitzgerald/angular-canteenandco-project/node_modules/grunt-node-inspector/package.json
49 verbose installManyTop reading scoped package data from /Users/alexandrafitzgerald/angular-canteenandco-project/node_modules/grunt-nodemon/package.json
50 verbose installManyTop reading scoped package data from /Users/alexandrafitzgerald/angular-canteenandco-project/node_modules/grunt-open/package.json
51 verbose installManyTop reading scoped package data from /Users/alexandrafitzgerald/angular-canteenandco-project/node_modules/grunt-protractor-runner/package.json
52 verbose installManyTop reading scoped package data from /Users/alexandrafitzgerald/angular-canteenandco-project/node_modules/grunt-rev/package.json
53 verbose installManyTop reading scoped package data from /Users/alexandrafitzgerald/angular-canteenandco-project/node_modules/grunt-svgmin/package.json
54 verbose installManyTop reading scoped package data from /Users/alexandrafitzgerald/angular-canteenandco-project/node_modules/grunt-usemin/package.json
55 verbose installManyTop reading scoped package data from /Users/alexandrafitzgerald/angular-canteenandco-project/node_modules/grunt-wiredep/package.json
56 verbose installManyTop reading scoped package data from /Users/alexandrafitzgerald/angular-canteenandco-project/node_modules/gzippo/package.json
57 verbose installManyTop reading scoped package data from /Users/alexandrafitzgerald/angular-canteenandco-project/node_modules/jade/package.json
58 verbose installManyTop reading scoped package data from /Users/alexandrafitzgerald/angular-canteenandco-project/node_modules/jit-grunt/package.json
59 verbose installManyTop reading scoped package data from /Users/alexandrafitzgerald/angular-canteenandco-project/node_modules/jshint-stylish/package.json
60 verbose installManyTop reading scoped package data from /Users/alexandrafitzgerald/angular-canteenandco-project/node_modules/karma/package.json
61 verbose installManyTop reading scoped package data from /Users/alexandrafitzgerald/angular-canteenandco-project/node_modules/karma-chrome-launcher/package.json
62 verbose installManyTop reading scoped package data from /Users/alexandrafitzgerald/angular-canteenandco-project/node_modules/karma-coffee-preprocessor/package.json
63 verbose installManyTop reading scoped package data from /Users/alexandrafitzgerald/angular-canteenandco-project/node_modules/karma-firefox-launcher/package.json
64 verbose installManyTop reading scoped package data from /Users/alexandrafitzgerald/angular-canteenandco-project/node_modules/karma-html2js-preprocessor/package.json
65 verbose installManyTop reading scoped package data from /Users/alexandrafitzgerald/angular-canteenandco-project/node_modules/karma-jade-preprocessor/package.json
66 verbose installManyTop reading scoped package data from /Users/alexandrafitzgerald/angular-canteenandco-project/node_modules/karma-jasmine/package.json
67 verbose installManyTop reading scoped package data from /Users/alexandrafitzgerald/angular-canteenandco-project/node_modules/karma-ng-html2js-preprocessor/package.json
68 verbose installManyTop reading scoped package data from /Users/alexandrafitzgerald/angular-canteenandco-project/node_modules/karma-ng-jade2js-preprocessor/package.json
69 verbose installManyTop reading scoped package data from /Users/alexandrafitzgerald/angular-canteenandco-project/node_modules/karma-ng-scenario/package.json
70 verbose installManyTop reading scoped package data from /Users/alexandrafitzgerald/angular-canteenandco-project/node_modules/karma-phantomjs-launcher/package.json
71 verbose installManyTop reading scoped package data from /Users/alexandrafitzgerald/angular-canteenandco-project/node_modules/karma-requirejs/package.json
72 verbose installManyTop reading scoped package data from /Users/alexandrafitzgerald/angular-canteenandco-project/node_modules/karma-script-launcher/package.json
73 verbose installManyTop reading scoped package data from /Users/alexandrafitzgerald/angular-canteenandco-project/node_modules/lodash/package.json
74 verbose installManyTop reading scoped package data from /Users/alexandrafitzgerald/angular-canteenandco-project/node_modules/method-override/package.json
75 verbose installManyTop reading scoped package data from /Users/alexandrafitzgerald/angular-canteenandco-project/node_modules/morgan/package.json
76 verbose installManyTop reading scoped package data from /Users/alexandrafitzgerald/angular-canteenandco-project/node_modules/multer/package.json
77 verbose installManyTop reading scoped package data from /Users/alexandrafitzgerald/angular-canteenandco-project/node_modules/open/package.json
78 verbose installManyTop reading scoped package data from /Users/alexandrafitzgerald/angular-canteenandco-project/node_modules/requirejs/package.json
79 verbose installManyTop reading scoped package data from /Users/alexandrafitzgerald/angular-canteenandco-project/node_modules/restify/package.json
80 verbose installManyTop reading scoped package data from /Users/alexandrafitzgerald/angular-canteenandco-project/node_modules/sendgrid/package.json
81 verbose installManyTop reading scoped package data from /Users/alexandrafitzgerald/angular-canteenandco-project/node_modules/serve-favicon/package.json
82 verbose installManyTop reading scoped package data from /Users/alexandrafitzgerald/angular-canteenandco-project/node_modules/should/package.json
83 verbose installManyTop reading scoped package data from /Users/alexandrafitzgerald/angular-canteenandco-project/node_modules/stormpath-restify/package.json
84 verbose installManyTop reading scoped package data from /Users/alexandrafitzgerald/angular-canteenandco-project/node_modules/stormpath-sdk-express/package.json
85 verbose installManyTop reading scoped package data from /Users/alexandrafitzgerald/angular-canteenandco-project/node_modules/supertest/package.json
86 verbose installManyTop reading scoped package data from /Users/alexandrafitzgerald/angular-canteenandco-project/node_modules/time-grunt/package.json
87 verbose installManyTop reading scoped package data from /Users/alexandrafitzgerald/angular-canteenandco-project/node_modules/underscore/package.json
88 verbose installManyTop reading scoped package data from /Users/alexandrafitzgerald/angular-canteenandco-project/node_modules/uuid/package.json
89 info package.json composable-middleware@0.3.0 No license field.
90 info package.json bower@1.4.1 No license field.
91 info package.json cookie-parser@1.0.1 No license field.
92 info package.json grunt@0.4.5 No license field.
93 info package.json grunt-build-control@0.1.3 No license field.
94 info package.json grunt-cli@0.1.13 No license field.
95 info package.json grunt-contrib-uglify@0.9.1 No license field.
96 info package.json grunt-rev@0.1.0 No license field.
97 info package.json gzippo@0.2.0 No license field.
98 info package.json karma-coffee-preprocessor@0.2.1 No README data
99 info package.json karma-phantomjs-launcher@0.1.4 No README data
100 info package.json uuid@2.0.1 No license field.
101 info package.json angular-vidbg@0.0.10 No repository field.
102 info package.json connect-livereload@0.4.1 No license field.
103 info package.json connect-mongo@0.4.2 No license field.
104 info package.json ejs@0.8.8 No license field.
105 info package.json grunt-angular-templates@0.5.7 No license field.
106 info package.json grunt-asset-injector@0.1.0 No license field.
107 info package.json grunt-bower-install@1.6.0 No license field.
108 info package.json grunt-concurrent@0.5.0 No license field.
109 info package.json grunt-contrib-concat@0.4.0 No license field.
110 info package.json grunt-contrib-clean@0.5.0 No license field.
111 info package.json grunt-contrib-copy@0.5.0 No license field.
112 info package.json grunt-contrib-cssmin@0.9.0 No license field.
113 info package.json grunt-contrib-imagemin@0.7.2 No license field.
114 info package.json grunt-contrib-htmlmin@0.2.0 No license field.
115 info package.json grunt-contrib-jshint@0.10.0 No license field.
116 info package.json grunt-contrib-sass@0.7.4 No license field.
117 info package.json grunt-contrib-watch@0.6.1 No license field.
118 info package.json grunt-dom-munger@3.4.0 No license field.
119 info package.json grunt-env@0.4.4 No license field.
120 info package.json grunt-google-cdn@0.4.3 license should be a valid SPDX license expression
121 info package.json grunt-express-server@0.4.19 No license field.
122 info package.json grunt-mocha-test@0.10.2 No license field.
123 info package.json grunt-newer@0.7.0 No license field.
124 info package.json grunt-ng-annotate@0.2.3 No license field.
125 info package.json grunt-open@0.2.3 No license field.
126 info package.json grunt-protractor-runner@1.2.1 No license field.
127 info package.json grunt-svgmin@0.4.0 No license field.
128 info package.json grunt-usemin@2.1.1 license should be a valid SPDX license expression
129 info package.json grunt-wiredep@1.8.0 No license field.
130 info package.json restify@3.0.3 No license field.
131 info package.json requirejs@2.1.18 No license field.
132 info package.json should@3.3.2 No license field.
133 verbose readDependencies loading dependencies from /Users/alexandrafitzgerald/angular-canteenandco-project/package.json
134 verbose targetResolver reading package data from /Users/alexandrafitzgerald/angular-canteenandco-project/node_modules/angular-vidbg/package.json
135 verbose targetResolver reading package data from /Users/alexandrafitzgerald/angular-canteenandco-project/node_modules/body-parser/package.json
136 verbose targetResolver reading package data from /Users/alexandrafitzgerald/angular-canteenandco-project/node_modules/bower/package.json
137 verbose targetResolver reading package data from /Users/alexandrafitzgerald/angular-canteenandco-project/node_modules/composable-middleware/package.json
138 verbose targetResolver reading package data from /Users/alexandrafitzgerald/angular-canteenandco-project/node_modules/compression/package.json
139 verbose targetResolver reading package data from /Users/alexandrafitzgerald/angular-canteenandco-project/node_modules/connect-livereload/package.json
140 verbose targetResolver reading package data from /Users/alexandrafitzgerald/angular-canteenandco-project/node_modules/connect-mongo/package.json
141 verbose targetResolver reading package data from /Users/alexandrafitzgerald/angular-canteenandco-project/node_modules/cookie-parser/package.json
142 verbose targetResolver reading package data from /Users/alexandrafitzgerald/angular-canteenandco-project/node_modules/dotenv/package.json
143 verbose targetResolver reading package data from /Users/alexandrafitzgerald/angular-canteenandco-project/node_modules/ejs/package.json
144 verbose targetResolver reading package data from /Users/alexandrafitzgerald/angular-canteenandco-project/node_modules/errorhandler/package.json
145 verbose targetResolver reading package data from /Users/alexandrafitzgerald/angular-canteenandco-project/node_modules/express/package.json
146 verbose targetResolver reading package data from /Users/alexandrafitzgerald/angular-canteenandco-project/node_modules/express-session/package.json
147 verbose targetResolver reading package data from /Users/alexandrafitzgerald/angular-canteenandco-project/node_modules/grunt/package.json
148 verbose targetResolver reading package data from /Users/alexandrafitzgerald/angular-canteenandco-project/node_modules/grunt-angular-templates/package.json
149 verbose targetResolver reading package data from /Users/alexandrafitzgerald/angular-canteenandco-project/node_modules/grunt-asset-injector/package.json
150 verbose targetResolver reading package data from /Users/alexandrafitzgerald/angular-canteenandco-project/node_modules/grunt-autoprefixer/package.json
151 verbose targetResolver reading package data from /Users/alexandrafitzgerald/angular-canteenandco-project/node_modules/grunt-bower-install/package.json
152 verbose targetResolver reading package data from /Users/alexandrafitzgerald/angular-canteenandco-project/node_modules/grunt-build-control/package.json
153 verbose targetResolver reading package data from /Users/alexandrafitzgerald/angular-canteenandco-project/node_modules/grunt-cli/package.json
154 verbose targetResolver reading package data from /Users/alexandrafitzgerald/angular-canteenandco-project/node_modules/grunt-concurrent/package.json
155 verbose targetResolver reading package data from /Users/alexandrafitzgerald/angular-canteenandco-project/node_modules/grunt-contrib-clean/package.json
156 verbose targetResolver reading package data from /Users/alexandrafitzgerald/angular-canteenandco-project/node_modules/grunt-contrib-concat/package.json
157 verbose targetResolver reading package data from /Users/alexandrafitzgerald/angular-canteenandco-project/node_modules/grunt-contrib-copy/package.json
158 verbose targetResolver reading package data from /Users/alexandrafitzgerald/angular-canteenandco-project/node_modules/grunt-contrib-cssmin/package.json
159 verbose targetResolver reading package data from /Users/alexandrafitzgerald/angular-canteenandco-project/node_modules/grunt-contrib-htmlmin/package.json
160 verbose targetResolver reading package data from /Users/alexandrafitzgerald/angular-canteenandco-project/node_modules/grunt-contrib-imagemin/package.json
161 verbose targetResolver reading package data from /Users/alexandrafitzgerald/angular-canteenandco-project/node_modules/grunt-contrib-jshint/package.json
162 verbose targetResolver reading package data from /Users/alexandrafitzgerald/angular-canteenandco-project/node_modules/grunt-contrib-sass/package.json
163 verbose targetResolver reading package data from /Users/alexandrafitzgerald/angular-canteenandco-project/node_modules/grunt-contrib-uglify/package.json
164 verbose targetResolver reading package data from /Users/alexandrafitzgerald/angular-canteenandco-project/node_modules/grunt-contrib-watch/package.json
165 verbose targetResolver reading package data from /Users/alexandrafitzgerald/angular-canteenandco-project/node_modules/grunt-dom-munger/package.json
166 verbose targetResolver reading package data from /Users/alexandrafitzgerald/angular-canteenandco-project/node_modules/grunt-env/package.json
167 verbose targetResolver reading package data from /Users/alexandrafitzgerald/angular-canteenandco-project/node_modules/grunt-express-server/package.json
168 verbose targetResolver reading package data from /Users/alexandrafitzgerald/angular-canteenandco-project/node_modules/grunt-google-cdn/package.json
169 verbose targetResolver reading package data from /Users/alexandrafitzgerald/angular-canteenandco-project/node_modules/grunt-karma/package.json
170 verbose targetResolver reading package data from /Users/alexandrafitzgerald/angular-canteenandco-project/node_modules/grunt-mocha-test/package.json
171 verbose targetResolver reading package data from /Users/alexandrafitzgerald/angular-canteenandco-project/node_modules/grunt-newer/package.json
172 verbose targetResolver reading package data from /Users/alexandrafitzgerald/angular-canteenandco-project/node_modules/grunt-ng-annotate/package.json
173 verbose targetResolver reading package data from /Users/alexandrafitzgerald/angular-canteenandco-project/node_modules/grunt-node-inspector/package.json
174 verbose targetResolver reading package data from /Users/alexandrafitzgerald/angular-canteenandco-project/node_modules/grunt-nodemon/package.json
175 verbose targetResolver reading package data from /Users/alexandrafitzgerald/angular-canteenandco-project/node_modules/grunt-open/package.json
176 verbose targetResolver reading package data from /Users/alexandrafitzgerald/angular-canteenandco-project/node_modules/grunt-protractor-runner/package.json
177 verbose targetResolver reading package data from /Users/alexandrafitzgerald/angular-canteenandco-project/node_modules/grunt-rev/package.json
178 verbose targetResolver reading package data from /Users/alexandrafitzgerald/angular-canteenandco-project/node_modules/grunt-svgmin/package.json
179 verbose targetResolver reading package data from /Users/alexandrafitzgerald/angular-canteenandco-project/node_modules/grunt-usemin/package.json
180 verbose targetResolver reading package data from /Users/alexandrafitzgerald/angular-canteenandco-project/node_modules/grunt-wiredep/package.json
181 verbose targetResolver reading package data from /Users/alexandrafitzgerald/angular-canteenandco-project/node_modules/gzippo/package.json
182 verbose targetResolver reading package data from /Users/alexandrafitzgerald/angular-canteenandco-project/node_modules/jade/package.json
183 verbose targetResolver reading package data from /Users/alexandrafitzgerald/angular-canteenandco-project/node_modules/jit-grunt/package.json
184 verbose targetResolver reading package data from /Users/alexandrafitzgerald/angular-canteenandco-project/node_modules/jshint-stylish/package.json
185 verbose targetResolver reading package data from /Users/alexandrafitzgerald/angular-canteenandco-project/node_modules/karma/package.json
186 verbose targetResolver reading package data from /Users/alexandrafitzgerald/angular-canteenandco-project/node_modules/karma-chrome-launcher/package.json
187 verbose targetResolver reading package data from /Users/alexandrafitzgerald/angular-canteenandco-project/node_modules/karma-coffee-preprocessor/package.json
188 verbose targetResolver reading package data from /Users/alexandrafitzgerald/angular-canteenandco-project/node_modules/karma-firefox-launcher/package.json
189 verbose targetResolver reading package data from /Users/alexandrafitzgerald/angular-canteenandco-project/node_modules/karma-html2js-preprocessor/package.json
190 verbose targetResolver reading package data from /Users/alexandrafitzgerald/angular-canteenandco-project/node_modules/karma-jade-preprocessor/package.json
191 verbose targetResolver reading package data from /Users/alexandrafitzgerald/angular-canteenandco-project/node_modules/karma-jasmine/package.json
192 verbose targetResolver reading package data from /Users/alexandrafitzgerald/angular-canteenandco-project/node_modules/karma-ng-html2js-preprocessor/package.json
193 verbose targetResolver reading package data from /Users/alexandrafitzgerald/angular-canteenandco-project/node_modules/karma-ng-jade2js-preprocessor/package.json
194 verbose targetResolver reading package data from /Users/alexandrafitzgerald/angular-canteenandco-project/node_modules/karma-ng-scenario/package.json
195 verbose targetResolver reading package data from /Users/alexandrafitzgerald/angular-canteenandco-project/node_modules/karma-phantomjs-launcher/package.json
196 verbose targetResolver reading package data from /Users/alexandrafitzgerald/angular-canteenandco-project/node_modules/karma-requirejs/package.json
197 verbose targetResolver reading package data from /Users/alexandrafitzgerald/angular-canteenandco-project/node_modules/karma-script-launcher/package.json
198 verbose targetResolver reading package data from /Users/alexandrafitzgerald/angular-canteenandco-project/node_modules/lodash/package.json
199 verbose targetResolver reading package data from /Users/alexandrafitzgerald/angular-canteenandco-project/node_modules/method-override/package.json
200 verbose targetResolver reading package data from /Users/alexandrafitzgerald/angular-canteenandco-project/node_modules/morgan/package.json
201 verbose targetResolver reading package data from /Users/alexandrafitzgerald/angular-canteenandco-project/node_modules/multer/package.json
202 verbose targetResolver reading package data from /Users/alexandrafitzgerald/angular-canteenandco-project/node_modules/open/package.json
203 verbose targetResolver reading package data from /Users/alexandrafitzgerald/angular-canteenandco-project/node_modules/requirejs/package.json
204 verbose targetResolver reading package data from /Users/alexandrafitzgerald/angular-canteenandco-project/node_modules/restify/package.json
205 verbose targetResolver reading package data from /Users/alexandrafitzgerald/angular-canteenandco-project/node_modules/sendgrid/package.json
206 verbose targetResolver reading package data from /Users/alexandrafitzgerald/angular-canteenandco-project/node_modules/serve-favicon/package.json
207 verbose targetResolver reading package data from /Users/alexandrafitzgerald/angular-canteenandco-project/node_modules/should/package.json
208 verbose targetResolver reading package data from /Users/alexandrafitzgerald/angular-canteenandco-project/node_modules/stormpath-restify/package.json
209 verbose targetResolver reading package data from /Users/alexandrafitzgerald/angular-canteenandco-project/node_modules/stormpath-sdk-express/package.json
210 verbose targetResolver reading package data from /Users/alexandrafitzgerald/angular-canteenandco-project/node_modules/supertest/package.json
211 verbose targetResolver reading package data from /Users/alexandrafitzgerald/angular-canteenandco-project/node_modules/time-grunt/package.json
212 verbose targetResolver reading package data from /Users/alexandrafitzgerald/angular-canteenandco-project/node_modules/underscore/package.json
213 verbose targetResolver reading package data from /Users/alexandrafitzgerald/angular-canteenandco-project/node_modules/uuid/package.json
214 verbose targetResolver reading package data from /Users/alexandrafitzgerald/angular-canteenandco-project/node_modules/.bin/bower/package.json
215 verbose targetResolver reading package data from /Users/alexandrafitzgerald/angular-canteenandco-project/node_modules/.bin/grunt/package.json
216 verbose targetResolver reading package data from /Users/alexandrafitzgerald/angular-canteenandco-project/node_modules/.bin/grunt-open/package.json
217 verbose targetResolver reading package data from /Users/alexandrafitzgerald/angular-canteenandco-project/node_modules/.bin/jade/package.json
218 verbose targetResolver reading package data from /Users/alexandrafitzgerald/angular-canteenandco-project/node_modules/.bin/karma/package.json
219 verbose targetResolver reading package data from /Users/alexandrafitzgerald/angular-canteenandco-project/node_modules/.bin/r.js/package.json
220 verbose targetResolver reading package data from /Users/alexandrafitzgerald/angular-canteenandco-project/node_modules/.bin/report-latency/package.json
221 verbose already installed skipping sendgrid@^1.9.0 /Users/alexandrafitzgerald/angular-canteenandco-project
222 verbose already installed skipping serve-favicon@~2.0.1 /Users/alexandrafitzgerald/angular-canteenandco-project
223 verbose already installed skipping stormpath-sdk-express@^0.4.9 /Users/alexandrafitzgerald/angular-canteenandco-project
224 verbose already installed skipping connect-livereload@~0.4.0 /Users/alexandrafitzgerald/angular-canteenandco-project
225 verbose already installed skipping grunt@^0.4.5 /Users/alexandrafitzgerald/angular-canteenandco-project
226 verbose already installed skipping grunt-angular-templates@^0.5.4 /Users/alexandrafitzgerald/angular-canteenandco-project
227 verbose already installed skipping grunt-asset-injector@^0.1.0 /Users/alexandrafitzgerald/angular-canteenandco-project
228 verbose already installed skipping grunt-autoprefixer@~0.7.2 /Users/alexandrafitzgerald/angular-canteenandco-project
229 verbose already installed skipping grunt-bower-install@^1.6.0 /Users/alexandrafitzgerald/angular-canteenandco-project
230 silly cache add args [ 'grunt-build-control@github:daftmonk/grunt-build-control',
230 silly cache add   null ]
231 verbose cache add spec grunt-build-control@github:daftmonk/grunt-build-control
232 verbose already installed skipping grunt-concurrent@~0.5.0 /Users/alexandrafitzgerald/angular-canteenandco-project
233 verbose already installed skipping grunt-contrib-clean@~0.5.0 /Users/alexandrafitzgerald/angular-canteenandco-project
234 verbose already installed skipping grunt-contrib-concat@~0.4.0 /Users/alexandrafitzgerald/angular-canteenandco-project
235 verbose already installed skipping grunt-contrib-copy@~0.5.0 /Users/alexandrafitzgerald/angular-canteenandco-project
236 verbose already installed skipping grunt-contrib-cssmin@~0.9.0 /Users/alexandrafitzgerald/angular-canteenandco-project
237 silly cache add parsed spec { raw: 'grunt-build-control@github:daftmonk/grunt-build-control',
237 silly cache add   scope: null,
237 silly cache add   name: 'grunt-build-control',
237 silly cache add   rawSpec: 'github:daftmonk/grunt-build-control',
237 silly cache add   spec: 'github:daftmonk/grunt-build-control',
237 silly cache add   type: 'hosted',
237 silly cache add   hosted:
237 silly cache add    { type: 'github',
237 silly cache add      ssh: 'git@github.com:daftmonk/grunt-build-control.git',
237 silly cache add      sshUrl: 'git+ssh://git@github.com/daftmonk/grunt-build-control.git',
237 silly cache add      httpsUrl: 'git+https://github.com/daftmonk/grunt-build-control.git',
237 silly cache add      gitUrl: 'git://github.com/daftmonk/grunt-build-control.git',
237 silly cache add      shortcut: 'github:daftmonk/grunt-build-control',
237 silly cache add      directUrl: 'https://raw.githubusercontent.com/daftmonk/grunt-build-control/master/package.json' } }
238 verbose addRemoteGit caching github:daftmonk/grunt-build-control
239 verbose addRemoteGit daftmonk/grunt-build-control is a repository hosted by github
240 silly tryGitProto attempting to clone git://github.com/daftmonk/grunt-build-control.git
241 silly tryClone cloning daftmonk/grunt-build-control via git://github.com/daftmonk/grunt-build-control.git
242 verbose tryClone git-github-com-daftmonk-grunt-build-control-git-d6834a5f not in flight; caching
243 verbose already installed skipping grunt-contrib-htmlmin@~0.2.0 /Users/alexandrafitzgerald/angular-canteenandco-project
244 verbose already installed skipping grunt-contrib-imagemin@~0.7.1 /Users/alexandrafitzgerald/angular-canteenandco-project
245 verbose already installed skipping grunt-contrib-jshint@~0.10.0 /Users/alexandrafitzgerald/angular-canteenandco-project
246 verbose already installed skipping grunt-contrib-sass@^0.7.3 /Users/alexandrafitzgerald/angular-canteenandco-project
247 verbose already installed skipping grunt-contrib-uglify@^0.9.1 /Users/alexandrafitzgerald/angular-canteenandco-project
248 info git [ 'config', '--get', 'remote.origin.url' ]
249 verbose already installed skipping grunt-contrib-watch@~0.6.1 /Users/alexandrafitzgerald/angular-canteenandco-project
250 verbose already installed skipping grunt-dom-munger@^3.4.0 /Users/alexandrafitzgerald/angular-canteenandco-project
251 verbose already installed skipping grunt-env@~0.4.1 /Users/alexandrafitzgerald/angular-canteenandco-project
252 verbose already installed skipping grunt-express-server@~0.4.17 /Users/alexandrafitzgerald/angular-canteenandco-project
253 silly validateExistingRemote daftmonk/grunt-build-control remote.origin.url: git://github.com/daftmonk/grunt-build-control.git
254 verbose validateExistingRemote daftmonk/grunt-build-control is updating existing cached remote /Users/alexandrafitzgerald/.npm/_git-remotes/git-github-com-daftmonk-grunt-build-control-git-d6834a5f
255 info git [ 'fetch', '-a', 'origin' ]
256 verbose already installed skipping grunt-google-cdn@~0.4.0 /Users/alexandrafitzgerald/angular-canteenandco-project
257 verbose already installed skipping grunt-karma@~0.8.2 /Users/alexandrafitzgerald/angular-canteenandco-project
258 verbose already installed skipping grunt-mocha-test@~0.10.2 /Users/alexandrafitzgerald/angular-canteenandco-project
259 verbose already installed skipping grunt-newer@~0.7.0 /Users/alexandrafitzgerald/angular-canteenandco-project
260 verbose already installed skipping grunt-ng-annotate@^0.2.3 /Users/alexandrafitzgerald/angular-canteenandco-project
261 verbose already installed skipping grunt-node-inspector@~0.1.5 /Users/alexandrafitzgerald/angular-canteenandco-project
262 verbose already installed skipping grunt-nodemon@~0.2.0 /Users/alexandrafitzgerald/angular-canteenandco-project
263 verbose already installed skipping grunt-open@~0.2.3 /Users/alexandrafitzgerald/angular-canteenandco-project
264 verbose already installed skipping grunt-protractor-runner@^1.1.0 /Users/alexandrafitzgerald/angular-canteenandco-project
265 verbose already installed skipping grunt-rev@~0.1.0 /Users/alexandrafitzgerald/angular-canteenandco-project
266 verbose already installed skipping grunt-svgmin@~0.4.0 /Users/alexandrafitzgerald/angular-canteenandco-project
267 verbose already installed skipping grunt-usemin@~2.1.1 /Users/alexandrafitzgerald/angular-canteenandco-project
268 verbose already installed skipping grunt-wiredep@~1.8.0 /Users/alexandrafitzgerald/angular-canteenandco-project
269 verbose already installed skipping jit-grunt@^0.9.1 /Users/alexandrafitzgerald/angular-canteenandco-project
270 verbose already installed skipping jshint-stylish@~0.1.5 /Users/alexandrafitzgerald/angular-canteenandco-project
271 verbose already installed skipping karma@~0.12.9 /Users/alexandrafitzgerald/angular-canteenandco-project
272 verbose already installed skipping karma-chrome-launcher@~0.1.3 /Users/alexandrafitzgerald/angular-canteenandco-project
273 verbose already installed skipping karma-coffee-preprocessor@~0.2.1 /Users/alexandrafitzgerald/angular-canteenandco-project
274 verbose already installed skipping karma-firefox-launcher@~0.1.3 /Users/alexandrafitzgerald/angular-canteenandco-project
275 verbose already installed skipping karma-html2js-preprocessor@~0.1.0 /Users/alexandrafitzgerald/angular-canteenandco-project
276 verbose already installed skipping karma-jade-preprocessor@0.0.11 /Users/alexandrafitzgerald/angular-canteenandco-project
277 verbose already installed skipping karma-jasmine@~0.1.5 /Users/alexandrafitzgerald/angular-canteenandco-project
278 verbose already installed skipping karma-ng-html2js-preprocessor@~0.1.0 /Users/alexandrafitzgerald/angular-canteenandco-project
279 verbose already installed skipping karma-ng-jade2js-preprocessor@^0.1.2 /Users/alexandrafitzgerald/angular-canteenandco-project
280 verbose already installed skipping karma-ng-scenario@~0.1.0 /Users/alexandrafitzgerald/angular-canteenandco-project
281 verbose already installed skipping karma-phantomjs-launcher@~0.1.4 /Users/alexandrafitzgerald/angular-canteenandco-project
282 verbose already installed skipping karma-requirejs@~0.2.1 /Users/alexandrafitzgerald/angular-canteenandco-project
283 verbose already installed skipping karma-script-launcher@~0.1.0 /Users/alexandrafitzgerald/angular-canteenandco-project
284 verbose already installed skipping open@~0.0.4 /Users/alexandrafitzgerald/angular-canteenandco-project
285 verbose already installed skipping requirejs@~2.1.11 /Users/alexandrafitzgerald/angular-canteenandco-project
286 verbose already installed skipping should@~3.3.1 /Users/alexandrafitzgerald/angular-canteenandco-project
287 verbose already installed skipping supertest@~0.11.0 /Users/alexandrafitzgerald/angular-canteenandco-project
288 verbose already installed skipping time-grunt@~0.3.1 /Users/alexandrafitzgerald/angular-canteenandco-project
289 verbose already installed skipping angular-vidbg@0.0.10 /Users/alexandrafitzgerald/angular-canteenandco-project
290 verbose already installed skipping body-parser@~1.5.0 /Users/alexandrafitzgerald/angular-canteenandco-project
291 verbose already installed skipping bower@^1.4.1 /Users/alexandrafitzgerald/angular-canteenandco-project
292 verbose already installed skipping composable-middleware@^0.3.0 /Users/alexandrafitzgerald/angular-canteenandco-project
293 verbose already installed skipping compression@~1.0.1 /Users/alexandrafitzgerald/angular-canteenandco-project
294 verbose already installed skipping connect-mongo@^0.4.1 /Users/alexandrafitzgerald/angular-canteenandco-project
295 verbose already installed skipping cookie-parser@~1.0.1 /Users/alexandrafitzgerald/angular-canteenandco-project
296 verbose already installed skipping dotenv@^1.2.0 /Users/alexandrafitzgerald/angular-canteenandco-project
297 verbose already installed skipping ejs@~0.8.4 /Users/alexandrafitzgerald/angular-canteenandco-project
298 verbose already installed skipping errorhandler@~1.0.0 /Users/alexandrafitzgerald/angular-canteenandco-project
299 verbose already installed skipping express@^4.13.1 /Users/alexandrafitzgerald/angular-canteenandco-project
300 verbose already installed skipping express-session@~1.0.2 /Users/alexandrafitzgerald/angular-canteenandco-project
301 verbose already installed skipping grunt-cli@0.1.13 /Users/alexandrafitzgerald/angular-canteenandco-project
302 verbose already installed skipping gzippo@^0.2.0 /Users/alexandrafitzgerald/angular-canteenandco-project
303 verbose already installed skipping lodash@~2.4.1 /Users/alexandrafitzgerald/angular-canteenandco-project
304 verbose already installed skipping method-override@~1.0.0 /Users/alexandrafitzgerald/angular-canteenandco-project
305 verbose already installed skipping morgan@^1.0.1 /Users/alexandrafitzgerald/angular-canteenandco-project
306 verbose updateRemote git fetch -a origin (git://github.com/daftmonk/grunt-build-control.git)
307 verbose setPermissions daftmonk/grunt-build-control set permissions on /Users/alexandrafitzgerald/.npm/_git-remotes/git-github-com-daftmonk-grunt-build-control-git-d6834a5f
308 verbose resolveHead daftmonk/grunt-build-control original treeish: master
309 info git [ 'rev-list', '-n1', 'master' ]
310 silly resolveHead daftmonk/grunt-build-control resolved treeish: 3d03ebbe49f8f963ef43c50af1084a15f56611fa
311 verbose resolveHead daftmonk/grunt-build-control resolved Git URL: git://github.com/daftmonk/grunt-build-control.git#3d03ebbe49f8f963ef43c50af1084a15f56611fa
312 silly resolveHead Git working directory: /var/folders/04/vwwp2p2j1mg3prg2x59ks0g40000gn/T/npm-60483-6250a91c/git-cache-89dcdc764191/3d03ebbe49f8f963ef43c50af1084a15f56611fa
313 info git [ 'clone',
313 info git   '/Users/alexandrafitzgerald/.npm/_git-remotes/git-github-com-daftmonk-grunt-build-control-git-d6834a5f',
313 info git   '/var/folders/04/vwwp2p2j1mg3prg2x59ks0g40000gn/T/npm-60483-6250a91c/git-cache-89dcdc764191/3d03ebbe49f8f963ef43c50af1084a15f56611fa' ]
314 verbose cloneResolved daftmonk/grunt-build-control clone Cloning into '/var/folders/04/vwwp2p2j1mg3prg2x59ks0g40000gn/T/npm-60483-6250a91c/git-cache-89dcdc764191/3d03ebbe49f8f963ef43c50af1084a15f56611fa'...
314 verbose cloneResolved done.
315 info git [ 'checkout', '3d03ebbe49f8f963ef43c50af1084a15f56611fa' ]
316 verbose checkoutTreeish daftmonk/grunt-build-control checkout Note: checking out '3d03ebbe49f8f963ef43c50af1084a15f56611fa'.
316 verbose checkoutTreeish
316 verbose checkoutTreeish You are in 'detached HEAD' state. You can look around, make experimental
316 verbose checkoutTreeish changes and commit them, and you can discard any commits you make in this
316 verbose checkoutTreeish state without impacting any branches by performing another checkout.
316 verbose checkoutTreeish
316 verbose checkoutTreeish If you want to create a new branch to retain commits you create, you may
316 verbose checkoutTreeish do so (now or later) by using -b with the checkout command again. Example:
316 verbose checkoutTreeish
316 verbose checkoutTreeish   git checkout -b new_branch_name
316 verbose checkoutTreeish
316 verbose checkoutTreeish HEAD is now at 3d03ebb... Merge remote-tracking branch 'upstream/master'
317 verbose addLocalDirectory /Users/alexandrafitzgerald/.npm/grunt-build-control/0.1.3/package.tgz not in flight; packing
318 verbose tar pack [ '/Users/alexandrafitzgerald/.npm/grunt-build-control/0.1.3/package.tgz',
318 verbose tar pack   '/var/folders/04/vwwp2p2j1mg3prg2x59ks0g40000gn/T/npm-60483-6250a91c/git-cache-89dcdc764191/3d03ebbe49f8f963ef43c50af1084a15f56611fa' ]
319 verbose tarball /Users/alexandrafitzgerald/.npm/grunt-build-control/0.1.3/package.tgz
320 verbose folder /var/folders/04/vwwp2p2j1mg3prg2x59ks0g40000gn/T/npm-60483-6250a91c/git-cache-89dcdc764191/3d03ebbe49f8f963ef43c50af1084a15f56611fa
321 verbose addLocalTarball adding from inside cache /Users/alexandrafitzgerald/.npm/grunt-build-control/0.1.3/package.tgz
322 verbose addRemoteGit data._from: daftmonk/grunt-build-control
323 verbose addRemoteGit data._resolved: git://github.com/daftmonk/grunt-build-control.git#3d03ebbe49f8f963ef43c50af1084a15f56611fa
324 silly cache afterAdd grunt-build-control@0.1.3
325 verbose afterAdd /Users/alexandrafitzgerald/.npm/grunt-build-control/0.1.3/package/package.json not in flight; writing
326 verbose afterAdd /Users/alexandrafitzgerald/.npm/grunt-build-control/0.1.3/package/package.json written
327 silly install resolved [ { name: 'grunt-build-control',
327 silly install resolved     description: 'Automate version control tasks for your project\'s built code. Keep built code in sync with source code, maintain multiple branches of built code, commit with automatic messages, and push to remote repositories.',
327 silly install resolved     version: '0.1.3',
327 silly install resolved     homepage: 'https://github.com/robwierzbowski/grunt-build-control',
327 silly install resolved     author:
327 silly install resolved      { name: 'Rob Wierzbowski',
327 silly install resolved        email: 'hello@robwierzbowski.com',
327 silly install resolved        url: 'http://robwierzbowski' },
327 silly install resolved     repository:
327 silly install resolved      { type: 'git',
327 silly install resolved        url: 'git://github.com/robwierzbowski/grunt-build-control.git' },
327 silly install resolved     bugs: { url: 'https://github.com/robwierzbowski/grunt-build-control/issues' },
327 silly install resolved     licenses: [ [Object] ],
327 silly install resolved     main: 'Gruntfile.js',
327 silly install resolved     engines: { node: '>= 0.10.0' },
327 silly install resolved     scripts: { test: 'grunt test' },
327 silly install resolved     dependencies: { shelljs: '~0.2.6' },
327 silly install resolved     devDependencies:
327 silly install resolved      { 'grunt-contrib-jshint': '~0.1.1',
327 silly install resolved        'grunt-contrib-clean': '~0.4.0',
327 silly install resolved        'grunt-contrib-nodeunit': '~0.1.2',
327 silly install resolved        grunt: '~0.4.1' },
327 silly install resolved     peerDependencies: { grunt: '~0.4.1' },
327 silly install resolved     keywords: [ 'gruntplugin' ],
327 silly install resolved     gitHead: '3d03ebbe49f8f963ef43c50af1084a15f56611fa',
327 silly install resolved     readme: '# grunt-build-control\n\n> Version control built code.\n\n### HELP WRITE TESTS FOR THIS TASK\n\nFor continued development, this library needs test coverage. If you like writing tests and like this Grunt task, please take a look at [issue #19](https://github.com/robwierzbowski/grunt-build-control/issues/19) and consider helping with a pull request. Any assistance is appreciated.\n\n## Getting started\n\nThis plugin requires [Grunt](http://gruntjs.com/) `~0.4.0` and [Git](http://git-scm.com/) `> 1.8`.\n\nIf you haven\'t used [Grunt](http://gruntjs.com/) before, be sure to check out the [Getting Started](http://gruntjs.com/getting-started) guide which explains how to create a [Gruntfile](http://gruntjs.com/sample-gruntfile) as well as install and use Grunt plugins. Once you\'re familiar with Grunt you can install the plugin with the command:\n\n```shell\nnpm install grunt-build-control --save-dev\n```\n\nAfter the plugin has been installed, load it in your Gruntfile with:\n\n```js\ngrunt.loadNpmTasks(\'grunt-build-control\');\n```\n\n## buildcontrol task\n\n_Run this task with the `grunt buildcontrol` command._\n\nAutomate version control tasks for your project\'s built code. \n\nKeep built code in sync with source code, maintain multiple branches of built code, commit with automatic messages, and push to remote repositories.\n\n### Setup\n\nYour project must have a compile or build process that outputs code to a subdirectory of the main project.\n\nAdd the build directory to the main project\'s .gitignore, and make sure the build process doesn\'t delete .git directories inside the build directory. If you\'re using a [Yeoman](http://yeoman.io) generator these steps are taken care of for you already.\n\n### Options\n\n#### dir\n\nType: `String`  \nDefault: `dist`  \n\nThe directory that contains your built code.\n\n#### branch\n\nType: `String`  \nDefault: `dist`  \n\nThe branch to commit to.\n\n#### remote\n\nType: `String`  \nDefault: `../`  \n\nThe remote to push to. Common examples include a distribution repository (Heroku or Scalr), your main project\'s remote (gh-pages branch on Github), or the local project repository itself (`../`).\n\n#### commit\n\nType: `Boolean`  \nDefault: `false`  \n\nCommits built code to `branch`. A new commit is only created if the built code has changed.\n\n#### tag\n\nType: `Boolean` or `String`  \nDefault: `false`  \n\nIf set to a string, adds its value as a lightweight git tag to the local built repo. Try loading your project\'s package.json as a variable and tagging with `pkg.version`.\n\n#### push\n\nType: `Boolean`  \nDefault: `false`  \n\nPushes `branch` to `remote`. If `tag` is set, pushes the specified tag as well.\n\n#### message\n\nType: `String`  \nDefault: `Built %sourceName% from commit %sourceCommit% on branch %sourceBranch%  `\n\nThe commit message to use when committing. It must be a safe commit message for the command line, with special characters and double quotes escaped.\n\nYou can use the following tokens to print information about the main project:\n\n- `%sourceName%`: The main project\'s name, read from package.json or the project directory\n- `%sourceBranch%`: The main project\'s current branch\n- `%sourceCommit%`: The main project\'s most recent commit\n\n#### connectCommits\n\nType: `Boolean`  \nDefault: `true`  \n\nMake sure that every commit on the built code branch matches a commit on the main project branch. If the main project\'s working directory has uncommitted changes, a commit task will throw an error.\n\n### Usage\n\nA common use of grunt-build-control is to commit and push built code to the GitHub pages branch of the main repository, or to the master branch of a git-based deployment server like Heroku. \n\n```js\n// Project configuration.\nvar pkg = require(\'./package.json\');\n\ngrunt.initConfig({\n\n  // Various Grunt tasks...\n\n  buildcontrol: {\n    options: {\n      dir: \'dist\',\n      commit: true,\n      push: true,\n      message: \'Built %sourceName% from commit %sourceCommit% on branch %sourceBranch%\'\n    },\n    pages: {\n      options: {\n        remote: \'git@github.com:example_user/example_webapp.git\',\n        branch: \'gh-pages\'\n      }\n    },\n    heroku: {\n      options: {\n        remote: \'git@heroku.com:example-heroku-webapp-1988.git\',\n        branch: \'master\',\n        tag: pkg.version\n      }\n    },\n    local: {\n      options: {\n        remote: \'../\',\n        branch: \'build\'\n      }\n    }\n  }\n});\n\ngrunt.registerTask(\'build\', [\n  // Collection of tasks that build code to the \'dist\' directory...\n]);\n```\n\nIn this example a user is working on a Yeoman-based web app, with their project\'s source code hosted at `git@github.com:example_user/example_webapp.git`. To deploy they first run `grunt build` to build a minified, optimized version of their app into the \'dist\' directory. \n\nRunning `grunt buildcontrol:pages` commits the built code to the gh-pages branch of the \'dist/.git\' repository and pushes to the gh-pages branch of `git@github.com:example_user/example_webapp.git`. \n\nRunning `grunt buildcontrol:heroku` will commit the built code to the master branch of the \'dist/.git\' repository, tag the latest commit in \'dist/.git\' with the value of `pkg.version` if the tag doesn\'t already exist, and push refs and tags to the master branch of `git@heroku.com:example-heroku-webapp-1988.git`.\n\nRunning `grunt buildcontrol:local` will commit the built code to the build branch of the \'dist/.git\' repository and push to the build branch of the local source code repository. The local project repository can then be synced with a remote.\n\n#### Working with .gitignores\n\nYou may wish to commit files or directories that are ignored globally or in the source repository (e.g., bower_compontents), or make file inclusion and exclusion the responsibility of the build process alone.\n\nIn order to scope gitignore rules to the build directory only, create a file named \'gitignore\' in your source directory: \n\n```shell\n# Unignore everything\n!**/*\n\n# Re-ignore things\n...your ignore rules here\n```\n\nThen copy it to the build directory during your build process as \'.gitignore\'.\n\n#### Notes\n\nGrunt-build-control deploys to git endpoints. If you want to deploy to a private server [this tutorial by @curtisblackwell ](http://curtisblackwell.com/blog/my-deploy-method-brings-most-of-the-boys-to-the-yard) is a good place to start.\n\n`buildcontrol` will add commits on top of the existing history of the remote branch if available.\n\n`buildcontrol` is a synchronous task, and fetches from your remote before each commit or push. Depending on the location of your remote, the size of commits, and network speed it can be a long running task.\n\nIt\'s best to run `buildcontrol` manually after your build process or as the last step in a build and deploy task.\n\nIf a git conflict occurs (usually because another user has force-pushed to the deployment server) delete the built code directory and run build and build control again.\n\nDon\'t check out built code branches while in the main project directory. Differences in untracked files will cause issues.\n\n<!-- \n## Todo:\n\n- replace as many porcelain commands as possible with plumbing.\n- describe or list similar projects with limitations?  \n  https://npmjs.org/package/grunt-github-pages  \n  https://npmjs.org/package/grunt-git-dist  \n  https://npmjs.org/package/grunt-git-selective-deploy  \n\n-->\n \n## Contribute\n\nPost bugs and feature requests to the [Github issue tracker](https://github.com/robwierzbowski/grunt-build-control/issues). In lieu of a formal styleguide, take care to maintain the existing coding style. Lint and test your code using [Grunt](https://github.com/gruntjs/grunt).\n\n## Release History\n\n- 2013-11-29 v0.1.2: Add defaults for all properties.\n- 2013-10-19 v0.1.1: Stable initial release.\n\n## License\n\n[MIT](http://en.wikipedia.org/wiki/MIT_License)\n\n\n\n[![Bitdeli Badge](https://d2weczhvl823v0.cloudfront.net/robwierzbowski/grunt-build-control/trend.png)](https://bitdeli.com/free "Bitdeli Badge")\n\n',
327 silly install resolved     readmeFilename: 'README.md',
327 silly install resolved     _id: 'grunt-build-control@0.1.3',
327 silly install resolved     _shasum: '374a000e0d8f5c0846a35bfa1227fc2f1cb49bfb',
327 silly install resolved     _from: 'daftmonk/grunt-build-control',
327 silly install resolved     _resolved: 'git://github.com/daftmonk/grunt-build-control.git#3d03ebbe49f8f963ef43c50af1084a15f56611fa' } ]
328 info install grunt-build-control@0.1.3 into /Users/alexandrafitzgerald/angular-canteenandco-project
329 info installOne grunt-build-control@0.1.3
330 verbose installOne of grunt-build-control to /Users/alexandrafitzgerald/angular-canteenandco-project not in flight; installing
331 verbose lock using /Users/alexandrafitzgerald/.npm/_locks/grunt-build-control-ffc67264a9436b00.lock for /Users/alexandrafitzgerald/angular-canteenandco-project/node_modules/grunt-build-control
332 silly install write writing grunt-build-control 0.1.3 to /Users/alexandrafitzgerald/angular-canteenandco-project/node_modules/grunt-build-control
333 verbose unbuild node_modules/grunt-build-control
334 info preuninstall grunt-build-control@0.1.3
335 info uninstall grunt-build-control@0.1.3
336 verbose unbuild rmStuff grunt-build-control@0.1.3 from /Users/alexandrafitzgerald/angular-canteenandco-project/node_modules
337 info postuninstall grunt-build-control@0.1.3
338 silly gentlyRm /Users/alexandrafitzgerald/angular-canteenandco-project/node_modules/grunt-build-control is being purged from base /Users/alexandrafitzgerald/angular-canteenandco-project
339 verbose gentlyRm don't care about contents; nuking /Users/alexandrafitzgerald/angular-canteenandco-project/node_modules/grunt-build-control
340 silly vacuum-fs purging /Users/alexandrafitzgerald/angular-canteenandco-project/node_modules/grunt-build-control
341 silly vacuum-fs quitting because other entries in /Users/alexandrafitzgerald/angular-canteenandco-project/node_modules
342 verbose tar unpack /Users/alexandrafitzgerald/.npm/grunt-build-control/0.1.3/package.tgz
343 verbose tar unpacking to /Users/alexandrafitzgerald/angular-canteenandco-project/node_modules/grunt-build-control
344 silly gentlyRm /Users/alexandrafitzgerald/angular-canteenandco-project/node_modules/grunt-build-control is being purged
345 verbose gentlyRm don't care about contents; nuking /Users/alexandrafitzgerald/angular-canteenandco-project/node_modules/grunt-build-control
346 silly gunzTarPerm modes [ '755', '644' ]
347 silly gunzTarPerm extractEntry package.json
348 silly gunzTarPerm extractEntry .npmignore
349 silly gunzTarPerm extractEntry README.md
350 silly gunzTarPerm extractEntry LICENSE
351 silly gunzTarPerm extractEntry Gruntfile.js
352 silly gunzTarPerm extractEntry .jshintrc
353 silly gunzTarPerm extractEntry tasks/build_control.js
354 silly gunzTarPerm extractEntry test/build_control_test.js
355 silly gunzTarPerm extractEntry test/expected/custom_options
356 silly gunzTarPerm extractEntry test/expected/default_options
357 silly gunzTarPerm extractEntry test/fixtures/123
358 silly gunzTarPerm extractEntry test/fixtures/testing
359 verbose write writing to /Users/alexandrafitzgerald/angular-canteenandco-project/node_modules/grunt-build-control/package.json
360 info preinstall grunt-build-control@0.1.3
361 verbose readDependencies loading dependencies from /Users/alexandrafitzgerald/angular-canteenandco-project/node_modules/grunt-build-control/package.json
362 silly prepareForInstallMany adding shelljs@~0.2.6 from grunt-build-control dependencies
363 verbose readDependencies loading dependencies from /Users/alexandrafitzgerald/angular-canteenandco-project/node_modules/grunt-build-control/package.json
364 silly cache add args [ 'shelljs@~0.2.6', null ]
365 verbose cache add spec shelljs@~0.2.6
366 silly cache add parsed spec { raw: 'shelljs@~0.2.6',
366 silly cache add   scope: null,
366 silly cache add   name: 'shelljs',
366 silly cache add   rawSpec: '~0.2.6',
366 silly cache add   spec: '>=0.2.6 <0.3.0',
366 silly cache add   type: 'range' }
367 silly addNamed shelljs@>=0.2.6 <0.3.0
368 verbose addNamed ">=0.2.6 <0.3.0" is a valid semver range for shelljs
369 silly addNameRange { name: 'shelljs', range: '>=0.2.6 <0.3.0', hasData: false }
370 silly mapToRegistry name shelljs
371 silly mapToRegistry using default registry
372 silly mapToRegistry registry https://registry.npmjs.org/
373 silly mapToRegistry uri https://registry.npmjs.org/shelljs
374 verbose addNameRange registry:https://registry.npmjs.org/shelljs not in flight; fetching
375 verbose request uri https://registry.npmjs.org/shelljs
376 verbose request no auth needed
377 info attempt registry request try #1 at 1:21:05 PM
378 verbose request id 56fef4ca41d11cd6
379 verbose etag "945EBHN0FJ1JRHHLG71WOH7S1"
380 http request GET https://registry.npmjs.org/shelljs
381 http 304 https://registry.npmjs.org/shelljs
382 silly get cb [ 304,
382 silly get   { date: 'Sat, 18 Jul 2015 17:21:05 GMT',
382 silly get     via: '1.1 varnish',
382 silly get     'cache-control': 'max-age=60',
382 silly get     etag: '"945EBHN0FJ1JRHHLG71WOH7S1"',
382 silly get     age: '8',
382 silly get     connection: 'keep-alive',
382 silly get     'x-served-by': 'cache-jfk1030-JFK',
382 silly get     'x-cache': 'HIT',
382 silly get     'x-cache-hits': '2',
382 silly get     'x-timer': 'S1437240065.685749,VS0,VE0',
382 silly get     vary: 'Accept' } ]
383 verbose etag https://registry.npmjs.org/shelljs from cache
384 verbose get saving shelljs to /Users/alexandrafitzgerald/.npm/registry.npmjs.org/shelljs/.cache.json
385 silly addNameRange number 2 { name: 'shelljs', range: '>=0.2.6 <0.3.0', hasData: true }
386 silly addNameRange versions [ 'shelljs',
386 silly addNameRange   [ '0.0.1',
386 silly addNameRange     '0.0.2',
386 silly addNameRange     '0.0.3',
386 silly addNameRange     '0.0.4',
386 silly addNameRange     '0.0.5',
386 silly addNameRange     '0.0.6',
386 silly addNameRange     '0.0.7',
386 silly addNameRange     '0.0.8',
386 silly addNameRange     '0.0.9',
386 silly addNameRange     '0.1.0',
386 silly addNameRange     '0.1.1',
386 silly addNameRange     '0.1.2',
386 silly addNameRange     '0.1.3',
386 silly addNameRange     '0.1.4',
386 silly addNameRange     '0.2.0',
386 silly addNameRange     '0.2.1',
386 silly addNameRange     '0.2.2',
386 silly addNameRange     '0.2.3',
386 silly addNameRange     '0.2.4',
386 silly addNameRange     '0.2.5',
386 silly addNameRange     '0.2.6',
386 silly addNameRange     '0.3.0',
386 silly addNameRange     '0.4.0',
386 silly addNameRange     '0.5.0',
386 silly addNameRange     '0.5.1',
386 silly addNameRange     '0.0.1-alpha1',
386 silly addNameRange     '0.0.2-pre1',
386 silly addNameRange     '0.0.4-pre1',
386 silly addNameRange     '0.0.5-pre1',
386 silly addNameRange     '0.0.5-pre2',
386 silly addNameRange     '0.0.5-pre3',
386 silly addNameRange     '0.0.5-pre4',
386 silly addNameRange     '0.0.6-pre1',
386 silly addNameRange     '0.0.6-pre2' ] ]
387 silly addNamed shelljs@0.2.6
388 verbose addNamed "0.2.6" is a plain semver version for shelljs
389 silly cache afterAdd shelljs@0.2.6
390 verbose afterAdd /Users/alexandrafitzgerald/.npm/shelljs/0.2.6/package/package.json not in flight; writing
391 verbose afterAdd /Users/alexandrafitzgerald/.npm/shelljs/0.2.6/package/package.json written
392 silly install resolved [ { name: 'shelljs',
392 silly install resolved     version: '0.2.6',
392 silly install resolved     author: { name: 'Artur Adib', email: 'aadib@mozilla.com' },
392 silly install resolved     description: 'Portable Unix shell commands for Node.js',
392 silly install resolved     keywords: [ 'unix', 'shell', 'makefile', 'make', 'jake', 'synchronous' ],
392 silly install resolved     repository: { type: 'git', url: 'git://github.com/arturadib/shelljs.git' },
392 silly install resolved     homepage: 'http://github.com/arturadib/shelljs',
392 silly install resolved     main: './shell.js',
392 silly install resolved     scripts: { test: 'node scripts/run-tests' },
392 silly install resolved     bin: { shjs: './bin/shjs' },
392 silly install resolved     dependencies: {},
392 silly install resolved     devDependencies: { jshint: '~2.1.11' },
392 silly install resolved     optionalDependencies: {},
392 silly install resolved     engines: { node: '>=0.8.0' },
392 silly install resolved     bugs: { url: 'https://github.com/arturadib/shelljs/issues' },
392 silly install resolved     _id: 'shelljs@0.2.6',
392 silly install resolved     dist:
392 silly install resolved      { shasum: '90492d72ffcc8159976baba62fb0f6884f0c3378',
392 silly install resolved        tarball: 'http://registry.npmjs.org/shelljs/-/shelljs-0.2.6.tgz' },
392 silly install resolved     _from: 'shelljs@>=0.2.6 <0.3.0',
392 silly install resolved     _npmVersion: '1.3.8',
392 silly install resolved     _npmUser: { name: 'artur', email: 'arturadib@gmail.com' },
392 silly install resolved     maintainers: [ [Object] ],
392 silly install resolved     directories: {},
392 silly install resolved     _shasum: '90492d72ffcc8159976baba62fb0f6884f0c3378',
392 silly install resolved     _resolved: 'https://registry.npmjs.org/shelljs/-/shelljs-0.2.6.tgz',
392 silly install resolved     readme: 'ERROR: No README data found!' } ]
393 info install shelljs@0.2.6 into /Users/alexandrafitzgerald/angular-canteenandco-project/node_modules/grunt-build-control
394 info installOne shelljs@0.2.6
395 verbose installOne of shelljs to /Users/alexandrafitzgerald/angular-canteenandco-project/node_modules/grunt-build-control not in flight; installing
396 verbose lock using /Users/alexandrafitzgerald/.npm/_locks/shelljs-05a3ba0bf208f4ff.lock for /Users/alexandrafitzgerald/angular-canteenandco-project/node_modules/grunt-build-control/node_modules/shelljs
397 silly install write writing shelljs 0.2.6 to /Users/alexandrafitzgerald/angular-canteenandco-project/node_modules/grunt-build-control/node_modules/shelljs
398 verbose unbuild node_modules/grunt-build-control/node_modules/shelljs
399 silly gentlyRm /Users/alexandrafitzgerald/angular-canteenandco-project/node_modules/grunt-build-control/node_modules/shelljs is being purged from base /Users/alexandrafitzgerald/angular-canteenandco-project
400 verbose gentlyRm don't care about contents; nuking /Users/alexandrafitzgerald/angular-canteenandco-project/node_modules/grunt-build-control/node_modules/shelljs
401 verbose tar unpack /Users/alexandrafitzgerald/.npm/shelljs/0.2.6/package.tgz
402 verbose tar unpacking to /Users/alexandrafitzgerald/angular-canteenandco-project/node_modules/grunt-build-control/node_modules/shelljs
403 silly gentlyRm /Users/alexandrafitzgerald/angular-canteenandco-project/node_modules/grunt-build-control/node_modules/shelljs is being purged
404 verbose gentlyRm don't care about contents; nuking /Users/alexandrafitzgerald/angular-canteenandco-project/node_modules/grunt-build-control/node_modules/shelljs
405 silly gunzTarPerm modes [ '755', '644' ]
406 silly gunzTarPerm extractEntry package.json
407 silly gunzTarPerm extractEntry .npmignore
408 silly gunzTarPerm extractEntry README.md
409 silly gunzTarPerm extractEntry LICENSE
410 silly gunzTarPerm extractEntry global.js
411 silly gunzTarPerm extractEntry make.js
412 silly gunzTarPerm extractEntry shell.js
413 silly gunzTarPerm extractEntry bin/shjs
414 silly gunzTarPerm extractEntry .travis.yml
415 silly gunzTarPerm extractEntry .jshintrc
416 silly gunzTarPerm extractEntry scripts/generate-docs.js
417 silly gunzTarPerm extractEntry scripts/run-tests.js
418 silly gunzTarPerm extractEntry .documentup.json
419 silly gunzTarPerm extractEntry src/cat.js
420 silly gunzTarPerm extractEntry src/exec.js
421 silly gunzTarPerm extractEntry src/find.js
422 silly gunzTarPerm extractEntry src/grep.js
423 silly gunzTarPerm extractEntry src/ls.js
424 silly gunzTarPerm extractEntry src/error.js
425 silly gunzTarPerm extractEntry src/mv.js
426 silly gunzTarPerm extractEntry src/popd.js
427 silly gunzTarPerm extractEntry src/pushd.js
428 silly gunzTarPerm extractEntry src/pwd.js
429 silly gunzTarPerm extractEntry src/rm.js
430 silly gunzTarPerm extractEntry src/echo.js
431 silly gunzTarPerm extractEntry src/sed.js
432 silly gunzTarPerm extractEntry src/dirs.js
433 silly gunzTarPerm extractEntry src/tempdir.js
434 silly gunzTarPerm extractEntry src/cp.js
435 silly gunzTarPerm extractEntry src/test.js
436 silly gunzTarPerm extractEntry src/common.js
437 silly gunzTarPerm extractEntry src/to.js
438 silly gunzTarPerm extractEntry src/chmod.js
439 silly gunzTarPerm extractEntry src/toEnd.js
440 silly gunzTarPerm extractEntry src/cd.js
441 silly gunzTarPerm extractEntry src/which.js
442 silly gunzTarPerm extractEntry src/mkdir.js
443 verbose write writing to /Users/alexandrafitzgerald/angular-canteenandco-project/node_modules/grunt-build-control/node_modules/shelljs/package.json
444 info preinstall shelljs@0.2.6
445 verbose readDependencies loading dependencies from /Users/alexandrafitzgerald/angular-canteenandco-project/node_modules/grunt-build-control/node_modules/shelljs/package.json
446 verbose readDependencies loading dependencies from /Users/alexandrafitzgerald/angular-canteenandco-project/node_modules/grunt-build-control/node_modules/shelljs/package.json
447 silly install resolved []
448 verbose about to build /Users/alexandrafitzgerald/angular-canteenandco-project/node_modules/grunt-build-control/node_modules/shelljs
449 info build /Users/alexandrafitzgerald/angular-canteenandco-project/node_modules/grunt-build-control/node_modules/shelljs
450 info linkStuff shelljs@0.2.6
451 silly linkStuff shelljs@0.2.6 has /Users/alexandrafitzgerald/angular-canteenandco-project/node_modules/grunt-build-control/node_modules as its parent node_modules
452 verbose linkBins shelljs@0.2.6
453 verbose link bins [ { shjs: './bin/shjs' },
453 verbose link bins   '/Users/alexandrafitzgerald/angular-canteenandco-project/node_modules/grunt-build-control/node_modules/.bin',
453 verbose link bins   false ]
454 verbose linkMans shelljs@0.2.6
455 verbose rebuildBundles shelljs@0.2.6
456 silly gentlyRm /Users/alexandrafitzgerald/angular-canteenandco-project/node_modules/grunt-build-control/node_modules/.bin/shjs is being purged
457 verbose gentlyRm don't care about contents; nuking /Users/alexandrafitzgerald/angular-canteenandco-project/node_modules/grunt-build-control/node_modules/.bin/shjs
458 info install shelljs@0.2.6
459 info postinstall shelljs@0.2.6
460 verbose unlock done using /Users/alexandrafitzgerald/.npm/_locks/shelljs-05a3ba0bf208f4ff.lock for /Users/alexandrafitzgerald/angular-canteenandco-project/node_modules/grunt-build-control/node_modules/shelljs
461 verbose about to build /Users/alexandrafitzgerald/angular-canteenandco-project/node_modules/grunt-build-control
462 info build /Users/alexandrafitzgerald/angular-canteenandco-project/node_modules/grunt-build-control
463 info linkStuff grunt-build-control@0.1.3
464 silly linkStuff grunt-build-control@0.1.3 has /Users/alexandrafitzgerald/angular-canteenandco-project/node_modules as its parent node_modules
465 verbose linkBins grunt-build-control@0.1.3
466 verbose linkMans grunt-build-control@0.1.3
467 verbose rebuildBundles grunt-build-control@0.1.3
468 verbose rebuildBundles [ '.bin', 'shelljs' ]
469 info install grunt-build-control@0.1.3
470 info postinstall grunt-build-control@0.1.3
471 verbose unlock done using /Users/alexandrafitzgerald/.npm/_locks/grunt-build-control-ffc67264a9436b00.lock for /Users/alexandrafitzgerald/angular-canteenandco-project/node_modules/grunt-build-control
472 info build /Users/alexandrafitzgerald/angular-canteenandco-project
473 info linkStuff dashboard-app@0.0.0
474 silly linkStuff dashboard-app@0.0.0 has /Users/alexandrafitzgerald as its parent node_modules
475 verbose linkBins dashboard-app@0.0.0
476 verbose linkMans dashboard-app@0.0.0
477 verbose rebuildBundles dashboard-app@0.0.0
478 verbose rebuildBundles [ '.bin',
478 verbose rebuildBundles   'angular-vidbg',
478 verbose rebuildBundles   'body-parser',
478 verbose rebuildBundles   'bower',
478 verbose rebuildBundles   'composable-middleware',
478 verbose rebuildBundles   'compression',
478 verbose rebuildBundles   'connect-livereload',
478 verbose rebuildBundles   'connect-mongo',
478 verbose rebuildBundles   'cookie-parser',
478 verbose rebuildBundles   'dotenv',
478 verbose rebuildBundles   'ejs',
478 verbose rebuildBundles   'errorhandler',
478 verbose rebuildBundles   'express',
478 verbose rebuildBundles   'express-session',
478 verbose rebuildBundles   'grunt',
478 verbose rebuildBundles   'grunt-angular-templates',
478 verbose rebuildBundles   'grunt-asset-injector',
478 verbose rebuildBundles   'grunt-autoprefixer',
478 verbose rebuildBundles   'grunt-bower-install',
478 verbose rebuildBundles   'grunt-build-control',
478 verbose rebuildBundles   'grunt-cli',
478 verbose rebuildBundles   'grunt-concurrent',
478 verbose rebuildBundles   'grunt-contrib-clean',
478 verbose rebuildBundles   'grunt-contrib-concat',
478 verbose rebuildBundles   'grunt-contrib-copy',
478 verbose rebuildBundles   'grunt-contrib-cssmin',
478 verbose rebuildBundles   'grunt-contrib-htmlmin',
478 verbose rebuildBundles   'grunt-contrib-imagemin',
478 verbose rebuildBundles   'grunt-contrib-jshint',
478 verbose rebuildBundles   'grunt-contrib-sass',
478 verbose rebuildBundles   'grunt-contrib-uglify',
478 verbose rebuildBundles   'grunt-contrib-watch',
478 verbose rebuildBundles   'grunt-dom-munger',
478 verbose rebuildBundles   'grunt-env',
478 verbose rebuildBundles   'grunt-express-server',
478 verbose rebuildBundles   'grunt-google-cdn',
478 verbose rebuildBundles   'grunt-karma',
478 verbose rebuildBundles   'grunt-mocha-test',
478 verbose rebuildBundles   'grunt-newer',
478 verbose rebuildBundles   'grunt-ng-annotate',
478 verbose rebuildBundles   'grunt-node-inspector',
478 verbose rebuildBundles   'grunt-nodemon',
478 verbose rebuildBundles   'grunt-open',
478 verbose rebuildBundles   'grunt-protractor-runner',
478 verbose rebuildBundles   'grunt-rev',
478 verbose rebuildBundles   'grunt-svgmin',
478 verbose rebuildBundles   'grunt-usemin',
478 verbose rebuildBundles   'grunt-wiredep',
478 verbose rebuildBundles   'gzippo',
478 verbose rebuildBundles   'jade',
478 verbose rebuildBundles   'jit-grunt',
478 verbose rebuildBundles   'jshint-stylish',
478 verbose rebuildBundles   'karma',
478 verbose rebuildBundles   'karma-chrome-launcher',
478 verbose rebuildBundles   'karma-coffee-preprocessor',
478 verbose rebuildBundles   'karma-firefox-launcher',
478 verbose rebuildBundles   'karma-html2js-preprocessor',
478 verbose rebuildBundles   'karma-jade-preprocessor',
478 verbose rebuildBundles   'karma-jasmine',
478 verbose rebuildBundles   'karma-ng-html2js-preprocessor',
478 verbose rebuildBundles   'karma-ng-jade2js-preprocessor',
478 verbose rebuildBundles   'karma-ng-scenario',
478 verbose rebuildBundles   'karma-phantomjs-launcher',
478 verbose rebuildBundles   'karma-requirejs',
478 verbose rebuildBundles   'karma-script-launcher',
478 verbose rebuildBundles   'lodash',
478 verbose rebuildBundles   'method-override',
478 verbose rebuildBundles   'morgan',
478 verbose rebuildBundles   'multer',
478 verbose rebuildBundles   'open',
478 verbose rebuildBundles   'requirejs',
478 verbose rebuildBundles   'restify',
478 verbose rebuildBundles   'sendgrid',
478 verbose rebuildBundles   'serve-favicon',
478 verbose rebuildBundles   'should',
478 verbose rebuildBundles   'stormpath-restify',
478 verbose rebuildBundles   'stormpath-sdk-express',
478 verbose rebuildBundles   'supertest',
478 verbose rebuildBundles   'time-grunt',
478 verbose rebuildBundles   'underscore',
478 verbose rebuildBundles   'uuid' ]
479 verbose rebuild bundle /Users/alexandrafitzgerald/angular-canteenandco-project/node_modules/jade
480 info build /Users/alexandrafitzgerald/angular-canteenandco-project/node_modules/jade
481 info preinstall jade@1.11.0
482 info linkStuff jade@1.11.0
483 silly linkStuff jade@1.11.0 has /Users/alexandrafitzgerald/angular-canteenandco-project/node_modules as its parent node_modules
484 verbose linkBins jade@1.11.0
485 verbose link bins [ { jade: './bin/jade.js' },
485 verbose link bins   '/Users/alexandrafitzgerald/angular-canteenandco-project/node_modules/.bin',
485 verbose link bins   false ]
486 verbose linkMans jade@1.11.0
487 verbose rebuildBundles jade@1.11.0
488 verbose rebuildBundles [ '.bin',
488 verbose rebuildBundles   'character-parser',
488 verbose rebuildBundles   'clean-css',
488 verbose rebuildBundles   'commander',
488 verbose rebuildBundles   'constantinople',
488 verbose rebuildBundles   'jstransformer',
488 verbose rebuildBundles   'mkdirp',
488 verbose rebuildBundles   'transformers',
488 verbose rebuildBundles   'uglify-js',
488 verbose rebuildBundles   'void-elements',
488 verbose rebuildBundles   'with' ]
489 silly gentlyRm /Users/alexandrafitzgerald/angular-canteenandco-project/node_modules/.bin/jade is being purged
490 verbose gentlyRm don't care about contents; nuking /Users/alexandrafitzgerald/angular-canteenandco-project/node_modules/.bin/jade
491 silly vacuum-fs purging /Users/alexandrafitzgerald/angular-canteenandco-project/node_modules/.bin/jade
492 silly vacuum-fs quitting because other entries in /Users/alexandrafitzgerald/angular-canteenandco-project/node_modules/.bin
493 info install jade@1.11.0
494 info postinstall jade@1.11.0
495 verbose rebuild bundle /Users/alexandrafitzgerald/angular-canteenandco-project/node_modules/multer
496 info build /Users/alexandrafitzgerald/angular-canteenandco-project/node_modules/multer
497 info preinstall multer@0.1.8
498 info linkStuff multer@0.1.8
499 silly linkStuff multer@0.1.8 has /Users/alexandrafitzgerald/angular-canteenandco-project/node_modules as its parent node_modules
500 verbose linkBins multer@0.1.8
501 verbose linkMans multer@0.1.8
502 verbose rebuildBundles multer@0.1.8
503 verbose rebuildBundles [ 'busboy', 'mkdirp', 'qs', 'type-is' ]
504 info install multer@0.1.8
505 info postinstall multer@0.1.8
506 verbose rebuild bundle /Users/alexandrafitzgerald/angular-canteenandco-project/node_modules/restify
507 info build /Users/alexandrafitzgerald/angular-canteenandco-project/node_modules/restify
508 info preinstall restify@3.0.3
509 info linkStuff restify@3.0.3
510 silly linkStuff restify@3.0.3 has /Users/alexandrafitzgerald/angular-canteenandco-project/node_modules as its parent node_modules
511 verbose linkBins restify@3.0.3
512 verbose link bins [ { 'report-latency': './bin/report-latency' },
512 verbose link bins   '/Users/alexandrafitzgerald/angular-canteenandco-project/node_modules/.bin',
512 verbose link bins   false ]
513 verbose linkMans restify@3.0.3
514 verbose rebuildBundles restify@3.0.3
515 verbose rebuildBundles [ '.bin',
515 verbose rebuildBundles   'assert-plus',
515 verbose rebuildBundles   'backoff',
515 verbose rebuildBundles   'bunyan',
515 verbose rebuildBundles   'csv',
515 verbose rebuildBundles   'deep-equal',
515 verbose rebuildBundles   'dtrace-provider',
515 verbose rebuildBundles   'escape-regexp-component',
515 verbose rebuildBundles   'formidable',
515 verbose rebuildBundles   'http-signature',
515 verbose rebuildBundles   'keep-alive-agent',
515 verbose rebuildBundles   'lru-cache',
515 verbose rebuildBundles   'mime',
515 verbose rebuildBundles   'negotiator',
515 verbose rebuildBundles   'node-uuid',
515 verbose rebuildBundles   'once',
515 verbose rebuildBundles   'qs',
515 verbose rebuildBundles   'semver',
515 verbose rebuildBundles   'spdy',
515 verbose rebuildBundles   'tunnel-agent',
515 verbose rebuildBundles   'verror' ]
516 silly gentlyRm /Users/alexandrafitzgerald/angular-canteenandco-project/node_modules/.bin/report-latency is being purged
517 verbose gentlyRm don't care about contents; nuking /Users/alexandrafitzgerald/angular-canteenandco-project/node_modules/.bin/report-latency
518 silly vacuum-fs purging /Users/alexandrafitzgerald/angular-canteenandco-project/node_modules/.bin/report-latency
519 silly vacuum-fs quitting because other entries in /Users/alexandrafitzgerald/angular-canteenandco-project/node_modules/.bin
520 info install restify@3.0.3
521 info postinstall restify@3.0.3
522 verbose rebuild bundle /Users/alexandrafitzgerald/angular-canteenandco-project/node_modules/stormpath-restify
523 info build /Users/alexandrafitzgerald/angular-canteenandco-project/node_modules/stormpath-restify
524 info preinstall stormpath-restify@0.0.6
525 info linkStuff stormpath-restify@0.0.6
526 silly linkStuff stormpath-restify@0.0.6 has /Users/alexandrafitzgerald/angular-canteenandco-project/node_modules as its parent node_modules
527 verbose linkBins stormpath-restify@0.0.6
528 verbose linkMans stormpath-restify@0.0.6
529 verbose rebuildBundles stormpath-restify@0.0.6
530 verbose rebuildBundles [ '.bin',
530 verbose rebuildBundles   'assert-plus',
530 verbose rebuildBundles   'bluebird',
530 verbose rebuildBundles   'prettyjson',
530 verbose rebuildBundles   'prompt',
530 verbose rebuildBundles   'restify',
530 verbose rebuildBundles   'stormpath' ]
531 info install stormpath-restify@0.0.6
532 info postinstall stormpath-restify@0.0.6
533 verbose rebuild bundle /Users/alexandrafitzgerald/angular-canteenandco-project/node_modules/underscore
534 info build /Users/alexandrafitzgerald/angular-canteenandco-project/node_modules/underscore
535 info preinstall underscore@1.8.3
536 info linkStuff underscore@1.8.3
537 silly linkStuff underscore@1.8.3 has /Users/alexandrafitzgerald/angular-canteenandco-project/node_modules as its parent node_modules
538 verbose linkBins underscore@1.8.3
539 verbose linkMans underscore@1.8.3
540 verbose rebuildBundles underscore@1.8.3
541 info install underscore@1.8.3
542 info postinstall underscore@1.8.3
543 verbose rebuild bundle /Users/alexandrafitzgerald/angular-canteenandco-project/node_modules/uuid
544 info build /Users/alexandrafitzgerald/angular-canteenandco-project/node_modules/uuid
545 info preinstall uuid@2.0.1
546 info linkStuff uuid@2.0.1
547 silly linkStuff uuid@2.0.1 has /Users/alexandrafitzgerald/angular-canteenandco-project/node_modules as its parent node_modules
548 verbose linkBins uuid@2.0.1
549 verbose linkMans uuid@2.0.1
550 verbose rebuildBundles uuid@2.0.1
551 info install uuid@2.0.1
552 info postinstall uuid@2.0.1
553 info install dashboard-app@0.0.0
554 info postinstall dashboard-app@0.0.0
555 verbose unsafe-perm in lifecycle true
556 info dashboard-app@0.0.0 Failed to exec postinstall script
557 verbose stack Error: dashboard-app@0.0.0 postinstall: `grunt uglify`
557 verbose stack Exit status 3
557 verbose stack     at EventEmitter.<anonymous> (/usr/local/lib/node_modules/npm/lib/utils/lifecycle.js:213:16)
557 verbose stack     at EventEmitter.emit (events.js:110:17)
557 verbose stack     at ChildProcess.<anonymous> (/usr/local/lib/node_modules/npm/lib/utils/spawn.js:24:14)
557 verbose stack     at ChildProcess.emit (events.js:110:17)
557 verbose stack     at maybeClose (child_process.js:1015:16)
557 verbose stack     at Process.ChildProcess._handle.onexit (child_process.js:1087:5)
558 verbose pkgid dashboard-app@0.0.0
559 verbose cwd /Users/alexandrafitzgerald/angular-canteenandco-project
560 error Darwin 14.3.0
561 error argv "node" "/usr/local/bin/npm" "install"
562 error node v0.12.2
563 error npm  v2.12.0
564 error code ELIFECYCLE
565 error dashboard-app@0.0.0 postinstall: `grunt uglify`
565 error Exit status 3
566 error Failed at the dashboard-app@0.0.0 postinstall script 'grunt uglify'.
566 error This is most likely a problem with the dashboard-app package,
566 error not with npm itself.
566 error Tell the author that this fails on your system:
566 error     grunt uglify
566 error You can get their info via:
566 error     npm owner ls dashboard-app
566 error There is likely additional logging output above.
567 verbose exit [ 1, true ]
